# JRE version: Java(TM) SE Runtime Environment (8.0_73-b02) (build 1.8.0_73-b02)
# Java VM: Java HotSpot(TM) 64-Bit Server VM (25.73-b02 mixed mode bsd-amd64 compressed oops)
Heap:
 PSYoungGen      total 39424K, used 1089K [0x000000076ab00000, 0x000000076da80000, 0x00000007c0000000)
  eden space 30208K, 3% used [0x000000076ab00000,0x000000076ac105f0,0x000000076c880000)
  from space 9216K, 0% used [0x000000076d180000,0x000000076d180000,0x000000076da80000)
  to   space 9216K, 0% used [0x000000076c880000,0x000000076c880000,0x000000076d180000)
 ParOldGen       total 101888K, used 39883K [0x00000006c0000000, 0x00000006c6380000, 0x000000076ab00000)
  object space 101888K, 39% used [0x00000006c0000000,0x00000006c26f2ce0,0x00000006c6380000)
 Metaspace       used 21828K, capacity 22066K, committed 22400K, reserved 1069056K
  class space    used 2549K, capacity 2619K, committed 2688K, reserved 1048576K
GC Heap History (10 events):
Event: 6528.059 GC heap before
{Heap before GC invocations=2012 (full 1):
 PSYoungGen      total 39424K, used 38868K [0x000000076ab00000, 0x000000076da80000, 0x00000007c0000000)
  eden space 30208K, 99% used [0x000000076ab00000,0x000000076c87a3a8,0x000000076c880000)
  from space 9216K, 94% used [0x000000076d180000,0x000000076d9faf60,0x000000076da80000)
  to   space 9216K, 0% used [0x000000076c880000,0x000000076c880000,0x000000076d180000)
 ParOldGen       total 88064K, used 87945K [0x00000006c0000000, 0x00000006c5600000, 0x000000076ab00000)
  object space 88064K, 99% used [0x00000006c0000000,0x00000006c55e2690,0x00000006c5600000)
 Metaspace       used 21834K, capacity 22078K, committed 22400K, reserved 1069056K
  class space    used 2552K, capacity 2625K, committed 2688K, reserved 1048576K
Event: 6528.064 GC heap after
Heap after GC invocations=2012 (full 1):
 PSYoungGen      total 39424K, used 8651K [0x000000076ab00000, 0x000000076da80000, 0x00000007c0000000)
  eden space 30208K, 0% used [0x000000076ab00000,0x000000076ab00000,0x000000076c880000)
  from space 9216K, 93% used [0x000000076c880000,0x000000076d0f2f60,0x000000076d180000)
  to   space 9216K, 0% used [0x000000076d180000,0x000000076d180000,0x000000076da80000)
 ParOldGen       total 88064K, used 87961K [0x00000006c0000000, 0x00000006c5600000, 0x000000076ab00000)
  object space 88064K, 99% used [0x00000006c0000000,0x00000006c55e6690,0x00000006c5600000)
 Metaspace       used 21834K, capacity 22078K, committed 22400K, reserved 1069056K
  class space    used 2552K, capacity 2625K, committed 2688K, reserved 1048576K
}
Event: 6531.217 GC heap before
{Heap before GC invocations=2013 (full 1):
 PSYoungGen      total 39424K, used 38836K [0x000000076ab00000, 0x000000076da80000, 0x00000007c0000000)
  eden space 30208K, 99% used [0x000000076ab00000,0x000000076c87a3a8,0x000000076c880000)
  from space 9216K, 93% used [0x000000076c880000,0x000000076d0f2f60,0x000000076d180000)
  to   space 9216K, 0% used [0x000000076d180000,0x000000076d180000,0x000000076da80000)
 ParOldGen       total 88064K, used 87961K [0x00000006c0000000, 0x00000006c5600000, 0x000000076ab00000)
  object space 88064K, 99% used [0x00000006c0000000,0x00000006c55e6690,0x00000006c5600000)
 Metaspace       used 21834K, capacity 22078K, committed 22400K, reserved 1069056K
  class space    used 2552K, capacity 2625K, committed 2688K, reserved 1048576K
Event: 6531.221 GC heap after
Heap after GC invocations=2013 (full 1):
 PSYoungGen      total 39424K, used 8651K [0x000000076ab00000, 0x000000076da80000, 0x00000007c0000000)
  eden space 30208K, 0% used [0x000000076ab00000,0x000000076ab00000,0x000000076c880000)
  from space 9216K, 93% used [0x000000076d180000,0x000000076d9f2f60,0x000000076da80000)
  to   space 9216K, 0% used [0x000000076c880000,0x000000076c880000,0x000000076d180000)
 ParOldGen       total 88064K, used 87985K [0x00000006c0000000, 0x00000006c5600000, 0x000000076ab00000)
  object space 88064K, 99% used [0x00000006c0000000,0x00000006c55ec690,0x00000006c5600000)
 Metaspace       used 21834K, capacity 22078K, committed 22400K, reserved 1069056K
  class space    used 2552K, capacity 2625K, committed 2688K, reserved 1048576K
}
Event: 6534.377 GC heap before
{Heap before GC invocations=2014 (full 1):
 PSYoungGen      total 39424K, used 38836K [0x000000076ab00000, 0x000000076da80000, 0x00000007c0000000)
  eden space 30208K, 99% used [0x000000076ab00000,0x000000076c87a3a8,0x000000076c880000)
  from space 9216K, 93% used [0x000000076d180000,0x000000076d9f2f60,0x000000076da80000)
  to   space 9216K, 0% used [0x000000076c880000,0x000000076c880000,0x000000076d180000)
 ParOldGen       total 88064K, used 87985K [0x00000006c0000000, 0x00000006c5600000, 0x000000076ab00000)
  object space 88064K, 99% used [0x00000006c0000000,0x00000006c55ec690,0x00000006c5600000)
 Metaspace       used 21834K, capacity 22078K, committed 22400K, reserved 1069056K
  class space    used 2552K, capacity 2625K, committed 2688K, reserved 1048576K
Event: 6534.381 GC heap after
Heap after GC invocations=2014 (full 1):
 PSYoungGen      total 39424K, used 8439K [0x000000076ab00000, 0x000000076da80000, 0x00000007c0000000)
  eden space 30208K, 0% used [0x000000076ab00000,0x000000076ab00000,0x000000076c880000)
  from space 9216K, 91% used [0x000000076c880000,0x000000076d0bde00,0x000000076d180000)
  to   space 9216K, 0% used [0x000000076d180000,0x000000076d180000,0x000000076da80000)
 ParOldGen       total 88064K, used 88009K [0x00000006c0000000, 0x00000006c5600000, 0x000000076ab00000)
  object space 88064K, 99% used [0x00000006c0000000,0x00000006c55f2690,0x00000006c5600000)
 Metaspace       used 21834K, capacity 22078K, committed 22400K, reserved 1069056K
  class space    used 2552K, capacity 2625K, committed 2688K, reserved 1048576K
}
Event: 6537.540 GC heap before
{Heap before GC invocations=2015 (full 1):
 PSYoungGen      total 39424K, used 38622K [0x000000076ab00000, 0x000000076da80000, 0x00000007c0000000)
  eden space 30208K, 99% used [0x000000076ab00000,0x000000076c879a78,0x000000076c880000)
  from space 9216K, 91% used [0x000000076c880000,0x000000076d0bde00,0x000000076d180000)
  to   space 9216K, 0% used [0x000000076d180000,0x000000076d180000,0x000000076da80000)
 ParOldGen       total 88064K, used 88009K [0x00000006c0000000, 0x00000006c5600000, 0x000000076ab00000)
  object space 88064K, 99% used [0x00000006c0000000,0x00000006c55f2690,0x00000006c5600000)
 Metaspace       used 21834K, capacity 22078K, committed 22400K, reserved 1069056K
  class space    used 2552K, capacity 2625K, committed 2688K, reserved 1048576K
Event: 6537.545 GC heap after
Heap after GC invocations=2015 (full 1):
 PSYoungGen      total 39424K, used 8683K [0x000000076ab00000, 0x000000076da80000, 0x00000007c0000000)
  eden space 30208K, 0% used [0x000000076ab00000,0x000000076ab00000,0x000000076c880000)
  from space 9216K, 94% used [0x000000076d180000,0x000000076d9faf60,0x000000076da80000)
  to   space 9216K, 0% used [0x000000076c880000,0x000000076c880000,0x000000076d180000)
 ParOldGen       total 88064K, used 88033K [0x00000006c0000000, 0x00000006c5600000, 0x000000076ab00000)
  object space 88064K, 99% used [0x00000006c0000000,0x00000006c55f8690,0x00000006c5600000)
 Metaspace       used 21834K, capacity 22078K, committed 22400K, reserved 1069056K
  class space    used 2552K, capacity 2625K, committed 2688K, reserved 1048576K
}
Event: 6537.545 GC heap before
{Heap before GC invocations=2016 (full 2):
 PSYoungGen      total 39424K, used 8683K [0x000000076ab00000, 0x000000076da80000, 0x00000007c0000000)
  eden space 30208K, 0% used [0x000000076ab00000,0x000000076ab00000,0x000000076c880000)
  from space 9216K, 94% used [0x000000076d180000,0x000000076d9faf60,0x000000076da80000)
  to   space 9216K, 0% used [0x000000076c880000,0x000000076c880000,0x000000076d180000)
 ParOldGen       total 88064K, used 88033K [0x00000006c0000000, 0x00000006c5600000, 0x000000076ab00000)
  object space 88064K, 99% used [0x00000006c0000000,0x00000006c55f8690,0x00000006c5600000)
 Metaspace       used 21834K, capacity 22078K, committed 22400K, reserved 1069056K
  class space    used 2552K, capacity 2625K, committed 2688K, reserved 1048576K
Event: 6537.713 GC heap after
Heap after GC invocations=2016 (full 2):
 PSYoungGen      total 39424K, used 0K [0x000000076ab00000, 0x000000076da80000, 0x00000007c0000000)
  eden space 30208K, 0% used [0x000000076ab00000,0x000000076ab00000,0x000000076c880000)
  from space 9216K, 0% used [0x000000076d180000,0x000000076d180000,0x000000076da80000)
  to   space 9216K, 0% used [0x000000076c880000,0x000000076c880000,0x000000076d180000)
 ParOldGen       total 101888K, used 39883K [0x00000006c0000000, 0x00000006c6380000, 0x000000076ab00000)
  object space 101888K, 39% used [0x00000006c0000000,0x00000006c26f2ce0,0x00000006c6380000)
 Metaspace       used 21826K, capacity 22066K, committed 22400K, reserved 1069056K
  class space    used 2548K, capacity 2619K, committed 2688K, reserved 1048576K
}

